<?xml version="1.0" encoding="UTF-8"?>
<coverage generated="1593731076149" clover="3.2.0">
  <project timestamp="1593731076149" name="All files">
    <metrics statements="38" coveredstatements="26" conditionals="49" coveredconditionals="22" methods="11" coveredmethods="11" elements="98" coveredelements="59" complexity="0" loc="38" ncloc="38" packages="2" files="5" classes="5"/>
    <package name="ratings-and-reviews">
      <metrics statements="36" coveredstatements="24" conditionals="49" coveredconditionals="22" methods="9" coveredmethods="9"/>
      <file name="addReviewButton.js" path="/Users/juliamcneill/Desktop/hack_reactor/project-greenfield/src/components/ratings-and-reviews/addReviewButton.js">
        <metrics statements="2" coveredstatements="2" conditionals="0" coveredconditionals="0" methods="1" coveredmethods="1"/>
        <line num="3" count="1" type="stmt"/>
        <line num="4" count="1" type="stmt"/>
      </file>
      <file name="moreReviewsButton.js" path="/Users/juliamcneill/Desktop/hack_reactor/project-greenfield/src/components/ratings-and-reviews/moreReviewsButton.js">
        <metrics statements="2" coveredstatements="2" conditionals="0" coveredconditionals="0" methods="1" coveredmethods="1"/>
        <line num="3" count="1" type="stmt"/>
        <line num="4" count="1" type="stmt"/>
      </file>
      <file name="reviewTile.js" path="/Users/juliamcneill/Desktop/hack_reactor/project-greenfield/src/components/ratings-and-reviews/reviewTile.js">
        <metrics statements="3" coveredstatements="3" conditionals="6" coveredconditionals="0" methods="2" coveredmethods="2"/>
        <line num="7" count="1" type="stmt"/>
        <line num="8" count="1" type="stmt"/>
        <line num="12" count="1" type="stmt"/>
      </file>
      <file name="stars.js" path="/Users/juliamcneill/Desktop/hack_reactor/project-greenfield/src/components/ratings-and-reviews/stars.js">
        <metrics statements="29" coveredstatements="17" conditionals="43" coveredconditionals="22" methods="5" coveredmethods="5"/>
        <line num="6" count="2" type="stmt"/>
        <line num="7" count="2" type="stmt"/>
        <line num="11" count="10" type="cond" truecount="1" falsecount="2"/>
        <line num="13" count="0" type="stmt"/>
        <line num="15" count="0" type="stmt"/>
        <line num="17" count="10" type="stmt"/>
        <line num="22" count="2" type="cond" truecount="3" falsecount="1"/>
        <line num="23" count="0" type="stmt"/>
        <line num="24" count="2" type="cond" truecount="2" falsecount="2"/>
        <line num="25" count="0" type="stmt"/>
        <line num="26" count="2" type="cond" truecount="2" falsecount="2"/>
        <line num="27" count="0" type="stmt"/>
        <line num="28" count="2" type="cond" truecount="2" falsecount="2"/>
        <line num="29" count="0" type="stmt"/>
        <line num="30" count="2" type="cond" truecount="2" falsecount="2"/>
        <line num="31" count="0" type="stmt"/>
        <line num="32" count="2" type="cond" truecount="2" falsecount="2"/>
        <line num="33" count="0" type="stmt"/>
        <line num="34" count="2" type="cond" truecount="2" falsecount="2"/>
        <line num="35" count="0" type="stmt"/>
        <line num="36" count="2" type="cond" truecount="2" falsecount="2"/>
        <line num="37" count="0" type="stmt"/>
        <line num="38" count="2" type="cond" truecount="2" falsecount="2"/>
        <line num="39" count="0" type="stmt"/>
        <line num="40" count="2" type="cond" truecount="2" falsecount="2"/>
        <line num="41" count="0" type="stmt"/>
        <line num="43" count="2" type="stmt"/>
        <line num="48" count="2" type="stmt"/>
        <line num="52" count="10" type="stmt"/>
      </file>
    </package>
    <package name="related-items-creation">
      <metrics statements="2" coveredstatements="2" conditionals="0" coveredconditionals="0" methods="2" coveredmethods="2"/>
      <file name="relatedItems.js" path="/Users/juliamcneill/Desktop/hack_reactor/project-greenfield/src/components/related-items-creation/relatedItems.js">
        <metrics statements="2" coveredstatements="2" conditionals="0" coveredconditionals="0" methods="2" coveredmethods="2"/>
        <line num="5" count="1" type="stmt"/>
        <line num="8" count="1" type="stmt"/>
      </file>
    </package>
  </project>
</coverage>
