{"/Users/juliamcneill/Desktop/hack_reactor/project-greenfield/src/components/ratings-and-reviews/addReviewButton.js": {"path":"/Users/juliamcneill/Desktop/hack_reactor/project-greenfield/src/components/ratings-and-reviews/addReviewButton.js","statementMap":{"0":{"start":{"line":3,"column":24},"end":{"line":7,"column":1}},"1":{"start":{"line":4,"column":4},"end":{"line":6,"column":6}}},"fnMap":{"0":{"name":"(anonymous_0)","decl":{"start":{"line":3,"column":24},"end":{"line":3,"column":25}},"loc":{"start":{"line":3,"column":35},"end":{"line":7,"column":1}},"line":3}},"branchMap":{},"s":{"0":1,"1":1},"f":{"0":1},"b":{},"_coverageSchema":"1a1c01bbd47fc00a2c39e90264f33305004495a9","hash":"e664df0821c5f8d8ed8c6dc3ee54f27d30f5b96b"}
,"/Users/juliamcneill/Desktop/hack_reactor/project-greenfield/src/components/ratings-and-reviews/moreReviewsButton.js": {"path":"/Users/juliamcneill/Desktop/hack_reactor/project-greenfield/src/components/ratings-and-reviews/moreReviewsButton.js","statementMap":{"0":{"start":{"line":3,"column":26},"end":{"line":7,"column":1}},"1":{"start":{"line":4,"column":4},"end":{"line":6,"column":6}}},"fnMap":{"0":{"name":"(anonymous_0)","decl":{"start":{"line":3,"column":26},"end":{"line":3,"column":27}},"loc":{"start":{"line":3,"column":37},"end":{"line":7,"column":1}},"line":3}},"branchMap":{},"s":{"0":1,"1":1},"f":{"0":1},"b":{},"_coverageSchema":"1a1c01bbd47fc00a2c39e90264f33305004495a9","hash":"0cbca2e7970046f569f8f0a0b2cbb486271c2d79"}
,"/Users/juliamcneill/Desktop/hack_reactor/project-greenfield/src/components/ratings-and-reviews/reviewTile.js": {"path":"/Users/juliamcneill/Desktop/hack_reactor/project-greenfield/src/components/ratings-and-reviews/reviewTile.js","statementMap":{"0":{"start":{"line":7,"column":8},"end":{"line":7,"column":21}},"1":{"start":{"line":8,"column":8},"end":{"line":8,"column":24}},"2":{"start":{"line":12,"column":8},"end":{"line":24,"column":10}}},"fnMap":{"0":{"name":"(anonymous_0)","decl":{"start":{"line":6,"column":4},"end":{"line":6,"column":5}},"loc":{"start":{"line":6,"column":23},"end":{"line":9,"column":5}},"line":6},"1":{"name":"(anonymous_1)","decl":{"start":{"line":11,"column":4},"end":{"line":11,"column":5}},"loc":{"start":{"line":11,"column":13},"end":{"line":25,"column":5}},"line":11}},"branchMap":{"0":{"loc":{"start":{"line":19,"column":17},"end":{"line":19,"column":106}},"type":"cond-expr","locations":[{"start":{"line":19,"column":55},"end":{"line":19,"column":99}},{"start":{"line":19,"column":102},"end":{"line":19,"column":106}}],"line":19},"1":{"loc":{"start":{"line":20,"column":20},"end":{"line":20,"column":89}},"type":"cond-expr","locations":[{"start":{"line":20,"column":56},"end":{"line":20,"column":82}},{"start":{"line":20,"column":85},"end":{"line":20,"column":89}}],"line":20},"2":{"loc":{"start":{"line":21,"column":20},"end":{"line":21,"column":91}},"type":"cond-expr","locations":[{"start":{"line":21,"column":58},"end":{"line":21,"column":62}},{"start":{"line":21,"column":65},"end":{"line":21,"column":91}}],"line":21}},"s":{"0":1,"1":1,"2":1},"f":{"0":1,"1":1},"b":{"0":[0,0],"1":[0,0],"2":[0,0]},"_coverageSchema":"1a1c01bbd47fc00a2c39e90264f33305004495a9","hash":"03c56bc5ce4da94cc3ab0dfabfd33bbcbe70c9af"}
,"/Users/juliamcneill/Desktop/hack_reactor/project-greenfield/src/components/ratings-and-reviews/stars.js": {"path":"/Users/juliamcneill/Desktop/hack_reactor/project-greenfield/src/components/ratings-and-reviews/stars.js","statementMap":{"0":{"start":{"line":6,"column":4},"end":{"line":6,"column":17}},"1":{"start":{"line":7,"column":4},"end":{"line":7,"column":20}},"2":{"start":{"line":11,"column":4},"end":{"line":18,"column":5}},"3":{"start":{"line":13,"column":8},"end":{"line":13,"column":53}},"4":{"start":{"line":15,"column":8},"end":{"line":15,"column":58}},"5":{"start":{"line":17,"column":8},"end":{"line":17,"column":51}},"6":{"start":{"line":22,"column":6},"end":{"line":44,"column":7}},"7":{"start":{"line":23,"column":8},"end":{"line":23,"column":31}},"8":{"start":{"line":24,"column":13},"end":{"line":44,"column":7}},"9":{"start":{"line":25,"column":8},"end":{"line":25,"column":32}},"10":{"start":{"line":26,"column":13},"end":{"line":44,"column":7}},"11":{"start":{"line":27,"column":8},"end":{"line":27,"column":33}},"12":{"start":{"line":28,"column":13},"end":{"line":44,"column":7}},"13":{"start":{"line":29,"column":8},"end":{"line":29,"column":34}},"14":{"start":{"line":30,"column":13},"end":{"line":44,"column":7}},"15":{"start":{"line":31,"column":8},"end":{"line":31,"column":35}},"16":{"start":{"line":32,"column":13},"end":{"line":44,"column":7}},"17":{"start":{"line":33,"column":8},"end":{"line":33,"column":36}},"18":{"start":{"line":34,"column":13},"end":{"line":44,"column":7}},"19":{"start":{"line":35,"column":8},"end":{"line":35,"column":37}},"20":{"start":{"line":36,"column":13},"end":{"line":44,"column":7}},"21":{"start":{"line":37,"column":8},"end":{"line":37,"column":38}},"22":{"start":{"line":38,"column":13},"end":{"line":44,"column":7}},"23":{"start":{"line":39,"column":8},"end":{"line":39,"column":39}},"24":{"start":{"line":40,"column":13},"end":{"line":44,"column":7}},"25":{"start":{"line":41,"column":8},"end":{"line":41,"column":40}},"26":{"start":{"line":43,"column":8},"end":{"line":43,"column":41}},"27":{"start":{"line":48,"column":4},"end":{"line":56,"column":6}},"28":{"start":{"line":52,"column":10},"end":{"line":52,"column":40}}},"fnMap":{"0":{"name":"(anonymous_0)","decl":{"start":{"line":5,"column":2},"end":{"line":5,"column":3}},"loc":{"start":{"line":5,"column":21},"end":{"line":8,"column":3}},"line":5},"1":{"name":"(anonymous_1)","decl":{"start":{"line":10,"column":2},"end":{"line":10,"column":3}},"loc":{"start":{"line":10,"column":20},"end":{"line":19,"column":3}},"line":10},"2":{"name":"(anonymous_2)","decl":{"start":{"line":21,"column":2},"end":{"line":21,"column":3}},"loc":{"start":{"line":21,"column":16},"end":{"line":45,"column":5}},"line":21},"3":{"name":"(anonymous_3)","decl":{"start":{"line":47,"column":2},"end":{"line":47,"column":3}},"loc":{"start":{"line":47,"column":11},"end":{"line":57,"column":3}},"line":47},"4":{"name":"(anonymous_4)","decl":{"start":{"line":51,"column":45},"end":{"line":51,"column":46}},"loc":{"start":{"line":51,"column":59},"end":{"line":53,"column":9}},"line":51}},"branchMap":{"0":{"loc":{"start":{"line":11,"column":4},"end":{"line":18,"column":5}},"type":"switch","locations":[{"start":{"line":12,"column":6},"end":{"line":13,"column":53}},{"start":{"line":14,"column":6},"end":{"line":15,"column":58}},{"start":{"line":16,"column":6},"end":{"line":17,"column":51}}],"line":11},"1":{"loc":{"start":{"line":22,"column":6},"end":{"line":44,"column":7}},"type":"if","locations":[{"start":{"line":22,"column":6},"end":{"line":44,"column":7}},{"start":{"line":22,"column":6},"end":{"line":44,"column":7}}],"line":22},"2":{"loc":{"start":{"line":22,"column":10},"end":{"line":22,"column":32}},"type":"binary-expr","locations":[{"start":{"line":22,"column":10},"end":{"line":22,"column":19}},{"start":{"line":22,"column":23},"end":{"line":22,"column":32}}],"line":22},"3":{"loc":{"start":{"line":24,"column":13},"end":{"line":44,"column":7}},"type":"if","locations":[{"start":{"line":24,"column":13},"end":{"line":44,"column":7}},{"start":{"line":24,"column":13},"end":{"line":44,"column":7}}],"line":24},"4":{"loc":{"start":{"line":24,"column":17},"end":{"line":24,"column":38}},"type":"binary-expr","locations":[{"start":{"line":24,"column":17},"end":{"line":24,"column":27}},{"start":{"line":24,"column":31},"end":{"line":24,"column":38}}],"line":24},"5":{"loc":{"start":{"line":26,"column":13},"end":{"line":44,"column":7}},"type":"if","locations":[{"start":{"line":26,"column":13},"end":{"line":44,"column":7}},{"start":{"line":26,"column":13},"end":{"line":44,"column":7}}],"line":26},"6":{"loc":{"start":{"line":26,"column":17},"end":{"line":26,"column":38}},"type":"binary-expr","locations":[{"start":{"line":26,"column":17},"end":{"line":26,"column":25}},{"start":{"line":26,"column":29},"end":{"line":26,"column":38}}],"line":26},"7":{"loc":{"start":{"line":28,"column":13},"end":{"line":44,"column":7}},"type":"if","locations":[{"start":{"line":28,"column":13},"end":{"line":44,"column":7}},{"start":{"line":28,"column":13},"end":{"line":44,"column":7}}],"line":28},"8":{"loc":{"start":{"line":28,"column":17},"end":{"line":28,"column":38}},"type":"binary-expr","locations":[{"start":{"line":28,"column":17},"end":{"line":28,"column":27}},{"start":{"line":28,"column":31},"end":{"line":28,"column":38}}],"line":28},"9":{"loc":{"start":{"line":30,"column":13},"end":{"line":44,"column":7}},"type":"if","locations":[{"start":{"line":30,"column":13},"end":{"line":44,"column":7}},{"start":{"line":30,"column":13},"end":{"line":44,"column":7}}],"line":30},"10":{"loc":{"start":{"line":30,"column":17},"end":{"line":30,"column":38}},"type":"binary-expr","locations":[{"start":{"line":30,"column":17},"end":{"line":30,"column":25}},{"start":{"line":30,"column":29},"end":{"line":30,"column":38}}],"line":30},"11":{"loc":{"start":{"line":32,"column":13},"end":{"line":44,"column":7}},"type":"if","locations":[{"start":{"line":32,"column":13},"end":{"line":44,"column":7}},{"start":{"line":32,"column":13},"end":{"line":44,"column":7}}],"line":32},"12":{"loc":{"start":{"line":32,"column":17},"end":{"line":32,"column":38}},"type":"binary-expr","locations":[{"start":{"line":32,"column":17},"end":{"line":32,"column":27}},{"start":{"line":32,"column":31},"end":{"line":32,"column":38}}],"line":32},"13":{"loc":{"start":{"line":34,"column":13},"end":{"line":44,"column":7}},"type":"if","locations":[{"start":{"line":34,"column":13},"end":{"line":44,"column":7}},{"start":{"line":34,"column":13},"end":{"line":44,"column":7}}],"line":34},"14":{"loc":{"start":{"line":34,"column":17},"end":{"line":34,"column":38}},"type":"binary-expr","locations":[{"start":{"line":34,"column":17},"end":{"line":34,"column":25}},{"start":{"line":34,"column":29},"end":{"line":34,"column":38}}],"line":34},"15":{"loc":{"start":{"line":36,"column":13},"end":{"line":44,"column":7}},"type":"if","locations":[{"start":{"line":36,"column":13},"end":{"line":44,"column":7}},{"start":{"line":36,"column":13},"end":{"line":44,"column":7}}],"line":36},"16":{"loc":{"start":{"line":36,"column":17},"end":{"line":36,"column":38}},"type":"binary-expr","locations":[{"start":{"line":36,"column":17},"end":{"line":36,"column":27}},{"start":{"line":36,"column":31},"end":{"line":36,"column":38}}],"line":36},"17":{"loc":{"start":{"line":38,"column":13},"end":{"line":44,"column":7}},"type":"if","locations":[{"start":{"line":38,"column":13},"end":{"line":44,"column":7}},{"start":{"line":38,"column":13},"end":{"line":44,"column":7}}],"line":38},"18":{"loc":{"start":{"line":38,"column":17},"end":{"line":38,"column":38}},"type":"binary-expr","locations":[{"start":{"line":38,"column":17},"end":{"line":38,"column":25}},{"start":{"line":38,"column":29},"end":{"line":38,"column":38}}],"line":38},"19":{"loc":{"start":{"line":40,"column":13},"end":{"line":44,"column":7}},"type":"if","locations":[{"start":{"line":40,"column":13},"end":{"line":44,"column":7}},{"start":{"line":40,"column":13},"end":{"line":44,"column":7}}],"line":40},"20":{"loc":{"start":{"line":40,"column":17},"end":{"line":40,"column":38}},"type":"binary-expr","locations":[{"start":{"line":40,"column":17},"end":{"line":40,"column":27}},{"start":{"line":40,"column":31},"end":{"line":40,"column":38}}],"line":40}},"s":{"0":2,"1":2,"2":10,"3":0,"4":0,"5":10,"6":2,"7":0,"8":2,"9":0,"10":2,"11":0,"12":2,"13":0,"14":2,"15":0,"16":2,"17":0,"18":2,"19":0,"20":2,"21":0,"22":2,"23":0,"24":2,"25":0,"26":2,"27":2,"28":10},"f":{"0":2,"1":10,"2":2,"3":2,"4":10},"b":{"0":[0,0,10],"1":[0,2],"2":[2,2],"3":[0,2],"4":[2,0],"5":[0,2],"6":[2,0],"7":[0,2],"8":[2,0],"9":[0,2],"10":[2,0],"11":[0,2],"12":[2,0],"13":[0,2],"14":[2,0],"15":[0,2],"16":[2,0],"17":[0,2],"18":[2,0],"19":[0,2],"20":[2,0]},"_coverageSchema":"1a1c01bbd47fc00a2c39e90264f33305004495a9","hash":"46ebb150335f656602055190bad7793c1cb438a6"}
,"/Users/juliamcneill/Desktop/hack_reactor/project-greenfield/src/components/related-items-creation/relatedItems.js": {"path":"/Users/juliamcneill/Desktop/hack_reactor/project-greenfield/src/components/related-items-creation/relatedItems.js","statementMap":{"0":{"start":{"line":5,"column":4},"end":{"line":5,"column":17}},"1":{"start":{"line":8,"column":4},"end":{"line":8,"column":37}}},"fnMap":{"0":{"name":"(anonymous_0)","decl":{"start":{"line":4,"column":2},"end":{"line":4,"column":3}},"loc":{"start":{"line":4,"column":21},"end":{"line":6,"column":3}},"line":4},"1":{"name":"(anonymous_1)","decl":{"start":{"line":7,"column":2},"end":{"line":7,"column":3}},"loc":{"start":{"line":7,"column":11},"end":{"line":9,"column":3}},"line":7}},"branchMap":{},"s":{"0":1,"1":1},"f":{"0":1,"1":1},"b":{},"_coverageSchema":"1a1c01bbd47fc00a2c39e90264f33305004495a9","hash":"c027f9e35246f7c153e609c22e6e1f798213b404"}
}
