{"/Users/shannonconnolly/Downloads/Repos/project-greenfield/src/apiMaster.js": {"path":"/Users/shannonconnolly/Downloads/Repos/project-greenfield/src/apiMaster.js","statementMap":{"0":{"start":{"line":3,"column":23},"end":{"line":5,"column":1}},"1":{"start":{"line":4,"column":2},"end":{"line":4,"column":52}},"2":{"start":{"line":7,"column":23},"end":{"line":9,"column":1}},"3":{"start":{"line":8,"column":2},"end":{"line":8,"column":58}},"4":{"start":{"line":11,"column":25},"end":{"line":13,"column":1}},"5":{"start":{"line":12,"column":2},"end":{"line":12,"column":65}},"6":{"start":{"line":15,"column":27},"end":{"line":17,"column":1}},"7":{"start":{"line":16,"column":2},"end":{"line":16,"column":66}},"8":{"start":{"line":19,"column":14},"end":{"line":21,"column":1}},"9":{"start":{"line":20,"column":2},"end":{"line":20,"column":52}},"10":{"start":{"line":23,"column":26},"end":{"line":25,"column":1}},"11":{"start":{"line":24,"column":2},"end":{"line":24,"column":62}},"12":{"start":{"line":27,"column":28},"end":{"line":29,"column":1}},"13":{"start":{"line":28,"column":2},"end":{"line":28,"column":101}},"14":{"start":{"line":31,"column":21},"end":{"line":33,"column":1}},"15":{"start":{"line":32,"column":2},"end":{"line":32,"column":70}},"16":{"start":{"line":35,"column":19},"end":{"line":56,"column":1}},"17":{"start":{"line":46,"column":2},"end":{"line":55,"column":5}},"18":{"start":{"line":58,"column":16},"end":{"line":60,"column":1}},"19":{"start":{"line":59,"column":2},"end":{"line":59,"column":61}},"20":{"start":{"line":62,"column":27},"end":{"line":64,"column":1}},"21":{"start":{"line":63,"column":2},"end":{"line":63,"column":68}},"22":{"start":{"line":66,"column":20},"end":{"line":72,"column":1}},"23":{"start":{"line":67,"column":2},"end":{"line":71,"column":5}},"24":{"start":{"line":74,"column":23},"end":{"line":81,"column":1}},"25":{"start":{"line":75,"column":2},"end":{"line":80,"column":5}},"26":{"start":{"line":83,"column":23},"end":{"line":85,"column":1}},"27":{"start":{"line":84,"column":2},"end":{"line":84,"column":77}},"28":{"start":{"line":87,"column":23},"end":{"line":89,"column":1}},"29":{"start":{"line":88,"column":2},"end":{"line":88,"column":76}},"30":{"start":{"line":91,"column":25},"end":{"line":93,"column":1}},"31":{"start":{"line":92,"column":2},"end":{"line":92,"column":73}},"32":{"start":{"line":95,"column":18},"end":{"line":97,"column":1}},"33":{"start":{"line":96,"column":2},"end":{"line":96,"column":72}},"34":{"start":{"line":99,"column":18},"end":{"line":117,"column":1}}},"fnMap":{"0":{"name":"(anonymous_0)","decl":{"start":{"line":3,"column":23},"end":{"line":3,"column":24}},"loc":{"start":{"line":3,"column":29},"end":{"line":5,"column":1}},"line":3},"1":{"name":"(anonymous_1)","decl":{"start":{"line":7,"column":23},"end":{"line":7,"column":24}},"loc":{"start":{"line":7,"column":35},"end":{"line":9,"column":1}},"line":7},"2":{"name":"(anonymous_2)","decl":{"start":{"line":11,"column":25},"end":{"line":11,"column":26}},"loc":{"start":{"line":11,"column":37},"end":{"line":13,"column":1}},"line":11},"3":{"name":"(anonymous_3)","decl":{"start":{"line":15,"column":27},"end":{"line":15,"column":28}},"loc":{"start":{"line":15,"column":39},"end":{"line":17,"column":1}},"line":15},"4":{"name":"(anonymous_4)","decl":{"start":{"line":19,"column":14},"end":{"line":19,"column":15}},"loc":{"start":{"line":19,"column":26},"end":{"line":21,"column":1}},"line":19},"5":{"name":"(anonymous_5)","decl":{"start":{"line":23,"column":26},"end":{"line":23,"column":27}},"loc":{"start":{"line":23,"column":39},"end":{"line":25,"column":1}},"line":23},"6":{"name":"(anonymous_6)","decl":{"start":{"line":27,"column":28},"end":{"line":27,"column":29}},"loc":{"start":{"line":27,"column":78},"end":{"line":29,"column":1}},"line":27},"7":{"name":"(anonymous_7)","decl":{"start":{"line":31,"column":21},"end":{"line":31,"column":22}},"loc":{"start":{"line":31,"column":35},"end":{"line":33,"column":1}},"line":31},"8":{"name":"(anonymous_8)","decl":{"start":{"line":35,"column":19},"end":{"line":35,"column":20}},"loc":{"start":{"line":45,"column":5},"end":{"line":56,"column":1}},"line":45},"9":{"name":"(anonymous_9)","decl":{"start":{"line":58,"column":16},"end":{"line":58,"column":17}},"loc":{"start":{"line":58,"column":31},"end":{"line":60,"column":1}},"line":58},"10":{"name":"(anonymous_10)","decl":{"start":{"line":62,"column":27},"end":{"line":62,"column":28}},"loc":{"start":{"line":62,"column":43},"end":{"line":64,"column":1}},"line":62},"11":{"name":"(anonymous_11)","decl":{"start":{"line":66,"column":20},"end":{"line":66,"column":21}},"loc":{"start":{"line":66,"column":47},"end":{"line":72,"column":1}},"line":66},"12":{"name":"(anonymous_12)","decl":{"start":{"line":74,"column":23},"end":{"line":74,"column":24}},"loc":{"start":{"line":74,"column":66},"end":{"line":81,"column":1}},"line":74},"13":{"name":"(anonymous_13)","decl":{"start":{"line":83,"column":23},"end":{"line":83,"column":24}},"loc":{"start":{"line":83,"column":39},"end":{"line":85,"column":1}},"line":83},"14":{"name":"(anonymous_14)","decl":{"start":{"line":87,"column":23},"end":{"line":87,"column":24}},"loc":{"start":{"line":87,"column":39},"end":{"line":89,"column":1}},"line":87},"15":{"name":"(anonymous_15)","decl":{"start":{"line":91,"column":25},"end":{"line":91,"column":26}},"loc":{"start":{"line":91,"column":39},"end":{"line":93,"column":1}},"line":91},"16":{"name":"(anonymous_16)","decl":{"start":{"line":95,"column":18},"end":{"line":95,"column":19}},"loc":{"start":{"line":95,"column":32},"end":{"line":97,"column":1}},"line":95}},"branchMap":{"0":{"loc":{"start":{"line":7,"column":24},"end":{"line":7,"column":30}},"type":"default-arg","locations":[{"start":{"line":7,"column":29},"end":{"line":7,"column":30}}],"line":7},"1":{"loc":{"start":{"line":11,"column":26},"end":{"line":11,"column":32}},"type":"default-arg","locations":[{"start":{"line":11,"column":31},"end":{"line":11,"column":32}}],"line":11},"2":{"loc":{"start":{"line":15,"column":28},"end":{"line":15,"column":34}},"type":"default-arg","locations":[{"start":{"line":15,"column":33},"end":{"line":15,"column":34}}],"line":15},"3":{"loc":{"start":{"line":19,"column":15},"end":{"line":19,"column":21}},"type":"default-arg","locations":[{"start":{"line":19,"column":20},"end":{"line":19,"column":21}}],"line":19},"4":{"loc":{"start":{"line":23,"column":27},"end":{"line":23,"column":34}},"type":"default-arg","locations":[{"start":{"line":23,"column":32},"end":{"line":23,"column":34}}],"line":23},"5":{"loc":{"start":{"line":27,"column":29},"end":{"line":27,"column":36}},"type":"default-arg","locations":[{"start":{"line":27,"column":34},"end":{"line":27,"column":36}}],"line":27},"6":{"loc":{"start":{"line":27,"column":38},"end":{"line":27,"column":61}},"type":"default-arg","locations":[{"start":{"line":27,"column":51},"end":{"line":27,"column":61}}],"line":27},"7":{"loc":{"start":{"line":27,"column":63},"end":{"line":27,"column":73}},"type":"default-arg","locations":[{"start":{"line":27,"column":71},"end":{"line":27,"column":73}}],"line":27},"8":{"loc":{"start":{"line":36,"column":2},"end":{"line":36,"column":8}},"type":"default-arg","locations":[{"start":{"line":36,"column":7},"end":{"line":36,"column":8}}],"line":36}},"s":{"0":8,"1":0,"2":8,"3":0,"4":8,"5":0,"6":8,"7":1,"8":8,"9":0,"10":8,"11":0,"12":8,"13":0,"14":8,"15":0,"16":8,"17":0,"18":8,"19":0,"20":8,"21":0,"22":8,"23":0,"24":8,"25":0,"26":8,"27":0,"28":8,"29":0,"30":8,"31":0,"32":8,"33":0,"34":8},"f":{"0":0,"1":0,"2":0,"3":1,"4":0,"5":0,"6":0,"7":0,"8":0,"9":0,"10":0,"11":0,"12":0,"13":0,"14":0,"15":0,"16":0},"b":{"0":[0],"1":[0],"2":[1],"3":[0],"4":[0],"5":[0],"6":[0],"7":[0],"8":[0]},"_coverageSchema":"1a1c01bbd47fc00a2c39e90264f33305004495a9","hash":"75736fa48226dfebedfba58a9f25a096dba329ac"}
,"/Users/shannonconnolly/Downloads/Repos/project-greenfield/src/components/questions-and-answers/answer.js": {"path":"/Users/shannonconnolly/Downloads/Repos/project-greenfield/src/components/questions-and-answers/answer.js","statementMap":{"0":{"start":{"line":6,"column":15},"end":{"line":48,"column":1}},"1":{"start":{"line":7,"column":31},"end":{"line":7,"column":43}},"2":{"start":{"line":8,"column":36},"end":{"line":8,"column":47}},"3":{"start":{"line":9,"column":34},"end":{"line":9,"column":49}},"4":{"start":{"line":11,"column":2},"end":{"line":19,"column":9}},"5":{"start":{"line":12,"column":4},"end":{"line":18,"column":40}},"6":{"start":{"line":15,"column":8},"end":{"line":15,"column":32}},"7":{"start":{"line":16,"column":8},"end":{"line":16,"column":55}},"8":{"start":{"line":16,"column":37},"end":{"line":16,"column":55}},"9":{"start":{"line":18,"column":22},"end":{"line":18,"column":38}},"10":{"start":{"line":21,"column":2},"end":{"line":47,"column":4}},"11":{"start":{"line":25,"column":10},"end":{"line":33,"column":12}}},"fnMap":{"0":{"name":"(anonymous_0)","decl":{"start":{"line":6,"column":15},"end":{"line":6,"column":16}},"loc":{"start":{"line":6,"column":26},"end":{"line":48,"column":1}},"line":6},"1":{"name":"(anonymous_1)","decl":{"start":{"line":11,"column":12},"end":{"line":11,"column":13}},"loc":{"start":{"line":11,"column":18},"end":{"line":19,"column":3}},"line":11},"2":{"name":"(anonymous_2)","decl":{"start":{"line":14,"column":12},"end":{"line":14,"column":13}},"loc":{"start":{"line":14,"column":26},"end":{"line":17,"column":7}},"line":14},"3":{"name":"(anonymous_3)","decl":{"start":{"line":18,"column":13},"end":{"line":18,"column":14}},"loc":{"start":{"line":18,"column":22},"end":{"line":18,"column":38}},"line":18},"4":{"name":"(anonymous_4)","decl":{"start":{"line":24,"column":41},"end":{"line":24,"column":42}},"loc":{"start":{"line":24,"column":53},"end":{"line":34,"column":9}},"line":24}},"branchMap":{"0":{"loc":{"start":{"line":16,"column":8},"end":{"line":16,"column":55}},"type":"if","locations":[{"start":{"line":16,"column":8},"end":{"line":16,"column":55}},{"start":{"line":16,"column":8},"end":{"line":16,"column":55}}],"line":16},"1":{"loc":{"start":{"line":37,"column":7},"end":{"line":45,"column":7}},"type":"cond-expr","locations":[{"start":{"line":38,"column":8},"end":{"line":42,"column":20}},{"start":{"line":44,"column":8},"end":{"line":44,"column":10}}],"line":37}},"s":{"0":2,"1":0,"2":0,"3":0,"4":0,"5":0,"6":0,"7":0,"8":0,"9":0,"10":0,"11":0},"f":{"0":0,"1":0,"2":0,"3":0,"4":0},"b":{"0":[0,0],"1":[0,0]},"_coverageSchema":"1a1c01bbd47fc00a2c39e90264f33305004495a9","hash":"fc7c175d862c3a89677d2f376e2950f47eeee205"}
,"/Users/shannonconnolly/Downloads/Repos/project-greenfield/src/components/questions-and-answers/moreQuestions.js": {"path":"/Users/shannonconnolly/Downloads/Repos/project-greenfield/src/components/questions-and-answers/moreQuestions.js","statementMap":{"0":{"start":{"line":7,"column":22},"end":{"line":21,"column":1}},"1":{"start":{"line":8,"column":16},"end":{"line":8,"column":56}},"2":{"start":{"line":9,"column":42},"end":{"line":9,"column":76}},"3":{"start":{"line":10,"column":2},"end":{"line":20,"column":3}},"4":{"start":{"line":11,"column":4},"end":{"line":11,"column":17}},"5":{"start":{"line":13,"column":4},"end":{"line":19,"column":6}},"6":{"start":{"line":15,"column":49},"end":{"line":15,"column":73}}},"fnMap":{"0":{"name":"(anonymous_0)","decl":{"start":{"line":7,"column":22},"end":{"line":7,"column":23}},"loc":{"start":{"line":7,"column":33},"end":{"line":21,"column":1}},"line":7},"1":{"name":"(anonymous_1)","decl":{"start":{"line":15,"column":43},"end":{"line":15,"column":44}},"loc":{"start":{"line":15,"column":49},"end":{"line":15,"column":73}},"line":15}},"branchMap":{"0":{"loc":{"start":{"line":10,"column":2},"end":{"line":20,"column":3}},"type":"if","locations":[{"start":{"line":10,"column":2},"end":{"line":20,"column":3}},{"start":{"line":10,"column":2},"end":{"line":20,"column":3}}],"line":10}},"s":{"0":1,"1":0,"2":0,"3":0,"4":0,"5":0,"6":0},"f":{"0":0,"1":0},"b":{"0":[0,0]},"_coverageSchema":"1a1c01bbd47fc00a2c39e90264f33305004495a9","hash":"438f6f2a3728fd0895cf32ad8e96fc2a18348209"}
,"/Users/shannonconnolly/Downloads/Repos/project-greenfield/src/components/questions-and-answers/qa-atoms.js": {"path":"/Users/shannonconnolly/Downloads/Repos/project-greenfield/src/components/questions-and-answers/qa-atoms.js","statementMap":{"0":{"start":{"line":3,"column":27},"end":{"line":6,"column":2}},"1":{"start":{"line":8,"column":26},"end":{"line":11,"column":2}}},"fnMap":{},"branchMap":{},"s":{"0":2,"1":2},"f":{},"b":{},"_coverageSchema":"1a1c01bbd47fc00a2c39e90264f33305004495a9","hash":"2dc751136371e2c8076512a56046c1b99d218055"}
,"/Users/shannonconnolly/Downloads/Repos/project-greenfield/src/components/questions-and-answers/questionDisplay.js": {"path":"/Users/shannonconnolly/Downloads/Repos/project-greenfield/src/components/questions-and-answers/questionDisplay.js","statementMap":{"0":{"start":{"line":8,"column":24},"end":{"line":42,"column":1}},"1":{"start":{"line":9,"column":35},"end":{"line":9,"column":68}},"2":{"start":{"line":10,"column":42},"end":{"line":10,"column":76}},"3":{"start":{"line":12,"column":2},"end":{"line":22,"column":9}},"4":{"start":{"line":13,"column":4},"end":{"line":21,"column":40}},"5":{"start":{"line":16,"column":8},"end":{"line":18,"column":10}},"6":{"start":{"line":17,"column":10},"end":{"line":17,"column":66}},"7":{"start":{"line":19,"column":8},"end":{"line":19,"column":34}},"8":{"start":{"line":21,"column":22},"end":{"line":21,"column":38}},"9":{"start":{"line":24,"column":2},"end":{"line":41,"column":4}},"10":{"start":{"line":27,"column":8},"end":{"line":38,"column":10}}},"fnMap":{"0":{"name":"(anonymous_0)","decl":{"start":{"line":8,"column":24},"end":{"line":8,"column":25}},"loc":{"start":{"line":8,"column":35},"end":{"line":42,"column":1}},"line":8},"1":{"name":"(anonymous_1)","decl":{"start":{"line":12,"column":12},"end":{"line":12,"column":13}},"loc":{"start":{"line":12,"column":18},"end":{"line":22,"column":3}},"line":12},"2":{"name":"(anonymous_2)","decl":{"start":{"line":15,"column":12},"end":{"line":15,"column":13}},"loc":{"start":{"line":15,"column":26},"end":{"line":20,"column":7}},"line":15},"3":{"name":"(anonymous_3)","decl":{"start":{"line":16,"column":26},"end":{"line":16,"column":27}},"loc":{"start":{"line":17,"column":10},"end":{"line":17,"column":66}},"line":17},"4":{"name":"(anonymous_4)","decl":{"start":{"line":21,"column":13},"end":{"line":21,"column":14}},"loc":{"start":{"line":21,"column":22},"end":{"line":21,"column":38}},"line":21},"5":{"name":"(anonymous_5)","decl":{"start":{"line":26,"column":44},"end":{"line":26,"column":45}},"loc":{"start":{"line":26,"column":58},"end":{"line":39,"column":7}},"line":26}},"branchMap":{"0":{"loc":{"start":{"line":17,"column":10},"end":{"line":17,"column":66}},"type":"cond-expr","locations":[{"start":{"line":17,"column":60},"end":{"line":17,"column":62}},{"start":{"line":17,"column":65},"end":{"line":17,"column":66}}],"line":17}},"s":{"0":2,"1":0,"2":0,"3":0,"4":0,"5":0,"6":0,"7":0,"8":0,"9":0,"10":0},"f":{"0":0,"1":0,"2":0,"3":0,"4":0,"5":0},"b":{"0":[0,0]},"_coverageSchema":"1a1c01bbd47fc00a2c39e90264f33305004495a9","hash":"878a2010df8e7637d57be85037ac4029ef3a9b04"}
,"/Users/shannonconnolly/Downloads/Repos/project-greenfield/src/components/questions-and-answers/questionForm.js": {"path":"/Users/shannonconnolly/Downloads/Repos/project-greenfield/src/components/questions-and-answers/questionForm.js","statementMap":{"0":{"start":{"line":8,"column":25},"end":{"line":97,"column":1}},"1":{"start":{"line":9,"column":45},"end":{"line":9,"column":54}},"2":{"start":{"line":10,"column":26},"end":{"line":10,"column":46}},"3":{"start":{"line":12,"column":19},"end":{"line":20,"column":3}},"4":{"start":{"line":13,"column":4},"end":{"line":19,"column":40}},"5":{"start":{"line":16,"column":8},"end":{"line":16,"column":23}},"6":{"start":{"line":17,"column":8},"end":{"line":17,"column":27}},"7":{"start":{"line":19,"column":22},"end":{"line":19,"column":38}},"8":{"start":{"line":22,"column":2},"end":{"line":96,"column":4}},"9":{"start":{"line":28,"column":8},"end":{"line":28,"column":23}},"10":{"start":{"line":29,"column":8},"end":{"line":29,"column":27}}},"fnMap":{"0":{"name":"(anonymous_0)","decl":{"start":{"line":8,"column":25},"end":{"line":8,"column":26}},"loc":{"start":{"line":8,"column":36},"end":{"line":97,"column":1}},"line":8},"1":{"name":"(anonymous_1)","decl":{"start":{"line":12,"column":19},"end":{"line":12,"column":20}},"loc":{"start":{"line":12,"column":29},"end":{"line":20,"column":3}},"line":12},"2":{"name":"(anonymous_2)","decl":{"start":{"line":15,"column":12},"end":{"line":15,"column":13}},"loc":{"start":{"line":15,"column":18},"end":{"line":18,"column":7}},"line":15},"3":{"name":"(anonymous_3)","decl":{"start":{"line":19,"column":13},"end":{"line":19,"column":14}},"loc":{"start":{"line":19,"column":22},"end":{"line":19,"column":38}},"line":19},"4":{"name":"(anonymous_4)","decl":{"start":{"line":27,"column":14},"end":{"line":27,"column":15}},"loc":{"start":{"line":27,"column":20},"end":{"line":30,"column":7}},"line":27}},"branchMap":{"0":{"loc":{"start":{"line":53,"column":15},"end":{"line":53,"column":78}},"type":"binary-expr","locations":[{"start":{"line":53,"column":15},"end":{"line":53,"column":26}},{"start":{"line":53,"column":30},"end":{"line":53,"column":78}}],"line":53},"1":{"loc":{"start":{"line":68,"column":15},"end":{"line":70,"column":15}},"type":"binary-expr","locations":[{"start":{"line":68,"column":15},"end":{"line":68,"column":27}},{"start":{"line":69,"column":16},"end":{"line":69,"column":65}}],"line":68},"2":{"loc":{"start":{"line":84,"column":15},"end":{"line":86,"column":15}},"type":"binary-expr","locations":[{"start":{"line":84,"column":15},"end":{"line":84,"column":26}},{"start":{"line":85,"column":16},"end":{"line":85,"column":68}}],"line":84}},"s":{"0":2,"1":0,"2":0,"3":0,"4":0,"5":0,"6":0,"7":0,"8":0,"9":0,"10":0},"f":{"0":0,"1":0,"2":0,"3":0,"4":0},"b":{"0":[0,0],"1":[0,0],"2":[0,0]},"_coverageSchema":"1a1c01bbd47fc00a2c39e90264f33305004495a9","hash":"470d896fd94ffd477300d87b8c24ca83608166e3"}
,"/Users/shannonconnolly/Downloads/Repos/project-greenfield/src/components/questions-and-answers/questionsAndAnswers.js": {"path":"/Users/shannonconnolly/Downloads/Repos/project-greenfield/src/components/questions-and-answers/questionsAndAnswers.js","statementMap":{"0":{"start":{"line":9,"column":28},"end":{"line":46,"column":1}},"1":{"start":{"line":10,"column":50},"end":{"line":10,"column":65}},"2":{"start":{"line":12,"column":21},"end":{"line":14,"column":3}},"3":{"start":{"line":13,"column":4},"end":{"line":13,"column":31}},"4":{"start":{"line":16,"column":2},"end":{"line":45,"column":3}},"5":{"start":{"line":17,"column":4},"end":{"line":24,"column":6}},"6":{"start":{"line":26,"column":4},"end":{"line":44,"column":6}},"7":{"start":{"line":37,"column":14},"end":{"line":37,"column":40}}},"fnMap":{"0":{"name":"(anonymous_0)","decl":{"start":{"line":9,"column":28},"end":{"line":9,"column":29}},"loc":{"start":{"line":9,"column":39},"end":{"line":46,"column":1}},"line":9},"1":{"name":"(anonymous_1)","decl":{"start":{"line":12,"column":21},"end":{"line":12,"column":22}},"loc":{"start":{"line":12,"column":27},"end":{"line":14,"column":3}},"line":12},"2":{"name":"(anonymous_2)","decl":{"start":{"line":36,"column":21},"end":{"line":36,"column":22}},"loc":{"start":{"line":36,"column":27},"end":{"line":38,"column":13}},"line":36}},"branchMap":{"0":{"loc":{"start":{"line":16,"column":2},"end":{"line":45,"column":3}},"type":"if","locations":[{"start":{"line":16,"column":2},"end":{"line":45,"column":3}},{"start":{"line":16,"column":2},"end":{"line":45,"column":3}}],"line":16}},"s":{"0":1,"1":0,"2":0,"3":0,"4":0,"5":0,"6":0,"7":0},"f":{"0":0,"1":0,"2":0},"b":{"0":[0,0]},"_coverageSchema":"1a1c01bbd47fc00a2c39e90264f33305004495a9","hash":"80ecdbd31b64b689a54606c81fae61d1c6a7f3c7"}
,"/Users/shannonconnolly/Downloads/Repos/project-greenfield/src/components/questions-and-answers/searchQuestion.js": {"path":"/Users/shannonconnolly/Downloads/Repos/project-greenfield/src/components/questions-and-answers/searchQuestion.js","statementMap":{"0":{"start":{"line":4,"column":23},"end":{"line":15,"column":1}},"1":{"start":{"line":5,"column":2},"end":{"line":14,"column":4}}},"fnMap":{"0":{"name":"(anonymous_0)","decl":{"start":{"line":4,"column":23},"end":{"line":4,"column":24}},"loc":{"start":{"line":4,"column":34},"end":{"line":15,"column":1}},"line":4}},"branchMap":{},"s":{"0":2,"1":0},"f":{"0":0},"b":{},"_coverageSchema":"1a1c01bbd47fc00a2c39e90264f33305004495a9","hash":"09b5e984bbb55c2fc6bee41e80e05e502f09bab7"}
,"/Users/shannonconnolly/Downloads/Repos/project-greenfield/src/components/ratings-and-reviews/addReviewButton.js": {"path":"/Users/shannonconnolly/Downloads/Repos/project-greenfield/src/components/ratings-and-reviews/addReviewButton.js","statementMap":{"0":{"start":{"line":6,"column":4},"end":{"line":6,"column":17}},"1":{"start":{"line":7,"column":4},"end":{"line":9,"column":6}},"2":{"start":{"line":10,"column":4},"end":{"line":10,"column":47}},"3":{"start":{"line":14,"column":15},"end":{"line":14,"column":30}},"4":{"start":{"line":15,"column":4},"end":{"line":17,"column":7}},"5":{"start":{"line":20,"column":4},"end":{"line":36,"column":6}},"6":{"start":{"line":22,"column":52},"end":{"line":22,"column":68}}},"fnMap":{"0":{"name":"(anonymous_0)","decl":{"start":{"line":5,"column":2},"end":{"line":5,"column":3}},"loc":{"start":{"line":5,"column":21},"end":{"line":11,"column":3}},"line":5},"1":{"name":"(anonymous_1)","decl":{"start":{"line":13,"column":2},"end":{"line":13,"column":3}},"loc":{"start":{"line":13,"column":14},"end":{"line":18,"column":3}},"line":13},"2":{"name":"(anonymous_2)","decl":{"start":{"line":19,"column":2},"end":{"line":19,"column":3}},"loc":{"start":{"line":19,"column":11},"end":{"line":37,"column":3}},"line":19},"3":{"name":"(anonymous_3)","decl":{"start":{"line":22,"column":45},"end":{"line":22,"column":46}},"loc":{"start":{"line":22,"column":52},"end":{"line":22,"column":68}},"line":22}},"branchMap":{"0":{"loc":{"start":{"line":25,"column":9},"end":{"line":34,"column":16}},"type":"cond-expr","locations":[{"start":{"line":26,"column":10},"end":{"line":33,"column":12}},{"start":{"line":34,"column":12},"end":{"line":34,"column":16}}],"line":25}},"s":{"0":1,"1":1,"2":1,"3":0,"4":0,"5":1,"6":0},"f":{"0":1,"1":0,"2":1,"3":0},"b":{"0":[0,1]},"_coverageSchema":"1a1c01bbd47fc00a2c39e90264f33305004495a9","hash":"4739bc57146a93874226d17f1e48b7f763d729d3"}
,"/Users/shannonconnolly/Downloads/Repos/project-greenfield/src/components/ratings-and-reviews/constants.js": {"path":"/Users/shannonconnolly/Downloads/Repos/project-greenfield/src/components/ratings-and-reviews/constants.js","statementMap":{"0":{"start":{"line":1,"column":19},"end":{"line":44,"column":1}},"1":{"start":{"line":46,"column":0},"end":{"line":46,"column":39}}},"fnMap":{},"branchMap":{},"s":{"0":5,"1":5},"f":{},"b":{},"_coverageSchema":"1a1c01bbd47fc00a2c39e90264f33305004495a9","hash":"c471068b68a847e678f5d8143dbffa0cb7ea968d"}
,"/Users/shannonconnolly/Downloads/Repos/project-greenfield/src/components/ratings-and-reviews/moreReviewsButton.js": {"path":"/Users/shannonconnolly/Downloads/Repos/project-greenfield/src/components/ratings-and-reviews/moreReviewsButton.js","statementMap":{"0":{"start":{"line":3,"column":26},"end":{"line":5,"column":1}},"1":{"start":{"line":4,"column":2},"end":{"line":4,"column":102}}},"fnMap":{"0":{"name":"(anonymous_0)","decl":{"start":{"line":3,"column":26},"end":{"line":3,"column":27}},"loc":{"start":{"line":3,"column":37},"end":{"line":5,"column":1}},"line":3}},"branchMap":{},"s":{"0":1,"1":1},"f":{"0":1},"b":{},"_coverageSchema":"1a1c01bbd47fc00a2c39e90264f33305004495a9","hash":"3942b6ac2830e0017c47aba70b2d3659f1c912ee"}
,"/Users/shannonconnolly/Downloads/Repos/project-greenfield/src/components/ratings-and-reviews/newReviewModal.js": {"path":"/Users/shannonconnolly/Downloads/Repos/project-greenfield/src/components/ratings-and-reviews/newReviewModal.js","statementMap":{"0":{"start":{"line":9,"column":4},"end":{"line":9,"column":17}},"1":{"start":{"line":10,"column":4},"end":{"line":20,"column":6}},"2":{"start":{"line":21,"column":4},"end":{"line":21,"column":49}},"3":{"start":{"line":22,"column":4},"end":{"line":22,"column":55}},"4":{"start":{"line":23,"column":4},"end":{"line":23,"column":53}},"5":{"start":{"line":24,"column":4},"end":{"line":24,"column":65}},"6":{"start":{"line":25,"column":4},"end":{"line":25,"column":61}},"7":{"start":{"line":26,"column":4},"end":{"line":26,"column":50}},"8":{"start":{"line":30,"column":4},"end":{"line":30,"column":78}},"9":{"start":{"line":31,"column":4},"end":{"line":31,"column":29}},"10":{"start":{"line":42,"column":4},"end":{"line":42,"column":31}},"11":{"start":{"line":43,"column":4},"end":{"line":43,"column":46}},"12":{"start":{"line":47,"column":15},"end":{"line":47,"column":17}},"13":{"start":{"line":48,"column":4},"end":{"line":48,"column":41}},"14":{"start":{"line":49,"column":4},"end":{"line":49,"column":23}},"15":{"start":{"line":53,"column":15},"end":{"line":53,"column":41}},"16":{"start":{"line":54,"column":4},"end":{"line":54,"column":40}},"17":{"start":{"line":55,"column":4},"end":{"line":57,"column":6}},"18":{"start":{"line":61,"column":4},"end":{"line":63,"column":6}},"19":{"start":{"line":67,"column":4},"end":{"line":67,"column":23}},"20":{"start":{"line":68,"column":15},"end":{"line":68,"column":38}},"21":{"start":{"line":69,"column":4},"end":{"line":71,"column":6}},"22":{"start":{"line":75,"column":4},"end":{"line":225,"column":6}},"23":{"start":{"line":106,"column":34},"end":{"line":106,"column":54}},"24":{"start":{"line":122,"column":22},"end":{"line":139,"column":24}},"25":{"start":{"line":130,"column":28},"end":{"line":135,"column":30}},"26":{"start":{"line":132,"column":66},"end":{"line":132,"column":90}},"27":{"start":{"line":153,"column":35},"end":{"line":153,"column":55}},"28":{"start":{"line":171,"column":35},"end":{"line":171,"column":55}},"29":{"start":{"line":174,"column":69},"end":{"line":174,"column":88}},"30":{"start":{"line":185,"column":35},"end":{"line":185,"column":55}},"31":{"start":{"line":206,"column":35},"end":{"line":206,"column":55}},"32":{"start":{"line":218,"column":69},"end":{"line":218,"column":96}}},"fnMap":{"0":{"name":"(anonymous_0)","decl":{"start":{"line":8,"column":2},"end":{"line":8,"column":3}},"loc":{"start":{"line":8,"column":21},"end":{"line":27,"column":3}},"line":8},"1":{"name":"(anonymous_1)","decl":{"start":{"line":29,"column":2},"end":{"line":29,"column":3}},"loc":{"start":{"line":29,"column":24},"end":{"line":39,"column":3}},"line":29},"2":{"name":"(anonymous_2)","decl":{"start":{"line":41,"column":2},"end":{"line":41,"column":3}},"loc":{"start":{"line":41,"column":40},"end":{"line":44,"column":3}},"line":41},"3":{"name":"(anonymous_3)","decl":{"start":{"line":46,"column":2},"end":{"line":46,"column":3}},"loc":{"start":{"line":46,"column":18},"end":{"line":50,"column":3}},"line":46},"4":{"name":"(anonymous_4)","decl":{"start":{"line":52,"column":2},"end":{"line":52,"column":3}},"loc":{"start":{"line":52,"column":22},"end":{"line":58,"column":3}},"line":52},"5":{"name":"(anonymous_5)","decl":{"start":{"line":60,"column":2},"end":{"line":60,"column":3}},"loc":{"start":{"line":60,"column":32},"end":{"line":64,"column":3}},"line":60},"6":{"name":"(anonymous_6)","decl":{"start":{"line":66,"column":2},"end":{"line":66,"column":3}},"loc":{"start":{"line":66,"column":17},"end":{"line":72,"column":3}},"line":66},"7":{"name":"(anonymous_7)","decl":{"start":{"line":74,"column":2},"end":{"line":74,"column":3}},"loc":{"start":{"line":74,"column":11},"end":{"line":226,"column":3}},"line":74},"8":{"name":"(anonymous_8)","decl":{"start":{"line":106,"column":29},"end":{"line":106,"column":30}},"loc":{"start":{"line":106,"column":34},"end":{"line":106,"column":54}},"line":106},"9":{"name":"(anonymous_9)","decl":{"start":{"line":121,"column":20},"end":{"line":121,"column":21}},"loc":{"start":{"line":121,"column":30},"end":{"line":140,"column":21}},"line":121},"10":{"name":"(anonymous_10)","decl":{"start":{"line":129,"column":57},"end":{"line":129,"column":58}},"loc":{"start":{"line":129,"column":70},"end":{"line":136,"column":27}},"line":129},"11":{"name":"(anonymous_11)","decl":{"start":{"line":132,"column":61},"end":{"line":132,"column":62}},"loc":{"start":{"line":132,"column":66},"end":{"line":132,"column":90}},"line":132},"12":{"name":"(anonymous_12)","decl":{"start":{"line":153,"column":30},"end":{"line":153,"column":31}},"loc":{"start":{"line":153,"column":35},"end":{"line":153,"column":55}},"line":153},"13":{"name":"(anonymous_13)","decl":{"start":{"line":171,"column":30},"end":{"line":171,"column":31}},"loc":{"start":{"line":171,"column":35},"end":{"line":171,"column":55}},"line":171},"14":{"name":"(anonymous_14)","decl":{"start":{"line":174,"column":64},"end":{"line":174,"column":65}},"loc":{"start":{"line":174,"column":69},"end":{"line":174,"column":88}},"line":174},"15":{"name":"(anonymous_15)","decl":{"start":{"line":185,"column":30},"end":{"line":185,"column":31}},"loc":{"start":{"line":185,"column":35},"end":{"line":185,"column":55}},"line":185},"16":{"name":"(anonymous_16)","decl":{"start":{"line":206,"column":30},"end":{"line":206,"column":31}},"loc":{"start":{"line":206,"column":35},"end":{"line":206,"column":55}},"line":206},"17":{"name":"(anonymous_17)","decl":{"start":{"line":218,"column":62},"end":{"line":218,"column":63}},"loc":{"start":{"line":218,"column":69},"end":{"line":218,"column":96}},"line":218}},"branchMap":{"0":{"loc":{"start":{"line":82,"column":9},"end":{"line":223,"column":16}},"type":"cond-expr","locations":[{"start":{"line":84,"column":10},"end":{"line":222,"column":13}},{"start":{"line":223,"column":12},"end":{"line":223,"column":16}}],"line":82},"1":{"loc":{"start":{"line":82,"column":9},"end":{"line":83,"column":37}},"type":"binary-expr","locations":[{"start":{"line":82,"column":9},"end":{"line":82,"column":49}},{"start":{"line":83,"column":8},"end":{"line":83,"column":37}}],"line":82},"2":{"loc":{"start":{"line":172,"column":44},"end":{"line":172,"column":168}},"type":"cond-expr","locations":[{"start":{"line":172,"column":74},"end":{"line":172,"column":148}},{"start":{"line":172,"column":151},"end":{"line":172,"column":168}}],"line":172},"3":{"loc":{"start":{"line":175,"column":17},"end":{"line":175,"column":104}},"type":"cond-expr","locations":[{"start":{"line":175,"column":43},"end":{"line":175,"column":97}},{"start":{"line":175,"column":100},"end":{"line":175,"column":104}}],"line":175}},"s":{"0":1,"1":1,"2":1,"3":1,"4":1,"5":1,"6":1,"7":1,"8":0,"9":0,"10":0,"11":0,"12":0,"13":0,"14":0,"15":0,"16":0,"17":0,"18":0,"19":0,"20":0,"21":0,"22":1,"23":0,"24":0,"25":0,"26":0,"27":0,"28":0,"29":0,"30":0,"31":0,"32":0},"f":{"0":1,"1":0,"2":0,"3":0,"4":0,"5":0,"6":0,"7":1,"8":0,"9":0,"10":0,"11":0,"12":0,"13":0,"14":0,"15":0,"16":0,"17":0},"b":{"0":[0,1],"1":[1,0],"2":[0,0],"3":[0,0]},"_coverageSchema":"1a1c01bbd47fc00a2c39e90264f33305004495a9","hash":"cef9ad1c4e419e3db10a600f0b3d1bf1ce6fabc2"}
,"/Users/shannonconnolly/Downloads/Repos/project-greenfield/src/components/ratings-and-reviews/ratingFilters.js": {"path":"/Users/shannonconnolly/Downloads/Repos/project-greenfield/src/components/ratings-and-reviews/ratingFilters.js","statementMap":{"0":{"start":{"line":7,"column":4},"end":{"line":7,"column":17}},"1":{"start":{"line":8,"column":4},"end":{"line":16,"column":6}},"2":{"start":{"line":17,"column":4},"end":{"line":17,"column":55}},"3":{"start":{"line":21,"column":19},"end":{"line":21,"column":40}},"4":{"start":{"line":22,"column":23},"end":{"line":22,"column":62}},"5":{"start":{"line":24,"column":4},"end":{"line":27,"column":5}},"6":{"start":{"line":25,"column":6},"end":{"line":25,"column":56}},"7":{"start":{"line":26,"column":6},"end":{"line":26,"column":33}},"8":{"start":{"line":28,"column":4},"end":{"line":28,"column":23}},"9":{"start":{"line":32,"column":19},"end":{"line":39,"column":5}},"10":{"start":{"line":34,"column":21},"end":{"line":34,"column":38}},"11":{"start":{"line":35,"column":8},"end":{"line":35,"column":22}},"12":{"start":{"line":36,"column":8},"end":{"line":36,"column":19}},"13":{"start":{"line":40,"column":4},"end":{"line":40,"column":20}},"14":{"start":{"line":44,"column":4},"end":{"line":44,"column":21}},"15":{"start":{"line":45,"column":19},"end":{"line":45,"column":40}},"16":{"start":{"line":46,"column":4},"end":{"line":46,"column":23}},"17":{"start":{"line":50,"column":4},"end":{"line":50,"column":31}},"18":{"start":{"line":51,"column":4},"end":{"line":51,"column":46}},"19":{"start":{"line":56,"column":4},"end":{"line":59,"column":23}},"20":{"start":{"line":60,"column":4},"end":{"line":114,"column":6}},"21":{"start":{"line":69,"column":20},"end":{"line":83,"column":22}},"22":{"start":{"line":94,"column":20},"end":{"line":107,"column":22}},"23":{"start":{"line":103,"column":28},"end":{"line":103,"column":89}}},"fnMap":{"0":{"name":"(anonymous_0)","decl":{"start":{"line":6,"column":2},"end":{"line":6,"column":3}},"loc":{"start":{"line":6,"column":21},"end":{"line":18,"column":3}},"line":6},"1":{"name":"(anonymous_1)","decl":{"start":{"line":20,"column":2},"end":{"line":20,"column":3}},"loc":{"start":{"line":20,"column":20},"end":{"line":29,"column":3}},"line":20},"2":{"name":"(anonymous_2)","decl":{"start":{"line":31,"column":2},"end":{"line":31,"column":3}},"loc":{"start":{"line":31,"column":19},"end":{"line":41,"column":3}},"line":31},"3":{"name":"(anonymous_3)","decl":{"start":{"line":33,"column":6},"end":{"line":33,"column":7}},"loc":{"start":{"line":33,"column":23},"end":{"line":37,"column":7}},"line":33},"4":{"name":"(anonymous_4)","decl":{"start":{"line":43,"column":2},"end":{"line":43,"column":3}},"loc":{"start":{"line":43,"column":26},"end":{"line":47,"column":3}},"line":43},"5":{"name":"(anonymous_5)","decl":{"start":{"line":49,"column":2},"end":{"line":49,"column":3}},"loc":{"start":{"line":49,"column":40},"end":{"line":52,"column":3}},"line":49},"6":{"name":"(anonymous_6)","decl":{"start":{"line":54,"column":2},"end":{"line":54,"column":3}},"loc":{"start":{"line":54,"column":11},"end":{"line":115,"column":3}},"line":54},"7":{"name":"(anonymous_7)","decl":{"start":{"line":68,"column":23},"end":{"line":68,"column":24}},"loc":{"start":{"line":68,"column":46},"end":{"line":84,"column":19}},"line":68},"8":{"name":"(anonymous_8)","decl":{"start":{"line":93,"column":44},"end":{"line":93,"column":45}},"loc":{"start":{"line":93,"column":61},"end":{"line":108,"column":19}},"line":93},"9":{"name":"(anonymous_9)","decl":{"start":{"line":102,"column":38},"end":{"line":102,"column":39}},"loc":{"start":{"line":102,"column":51},"end":{"line":104,"column":27}},"line":102}},"branchMap":{"0":{"loc":{"start":{"line":56,"column":4},"end":{"line":59,"column":22}},"type":"cond-expr","locations":[{"start":{"line":58,"column":9},"end":{"line":58,"column":57}},{"start":{"line":59,"column":9},"end":{"line":59,"column":21}}],"line":56},"1":{"loc":{"start":{"line":56,"column":4},"end":{"line":57,"column":58}},"type":"binary-expr","locations":[{"start":{"line":56,"column":4},"end":{"line":56,"column":42}},{"start":{"line":57,"column":4},"end":{"line":57,"column":58}}],"line":56},"2":{"loc":{"start":{"line":62,"column":9},"end":{"line":112,"column":9}},"type":"cond-expr","locations":[{"start":{"line":63,"column":10},"end":{"line":88,"column":16}},{"start":{"line":90,"column":10},"end":{"line":111,"column":16}}],"line":62},"3":{"loc":{"start":{"line":64,"column":13},"end":{"line":87,"column":20}},"type":"cond-expr","locations":[{"start":{"line":65,"column":14},"end":{"line":86,"column":17}},{"start":{"line":87,"column":16},"end":{"line":87,"column":20}}],"line":64},"4":{"loc":{"start":{"line":92,"column":15},"end":{"line":109,"column":22}},"type":"cond-expr","locations":[{"start":{"line":93,"column":18},"end":{"line":108,"column":20}},{"start":{"line":109,"column":18},"end":{"line":109,"column":22}}],"line":92}},"s":{"0":1,"1":1,"2":1,"3":0,"4":0,"5":0,"6":0,"7":0,"8":0,"9":0,"10":0,"11":0,"12":0,"13":0,"14":0,"15":0,"16":0,"17":0,"18":0,"19":1,"20":1,"21":0,"22":0,"23":0},"f":{"0":1,"1":0,"2":0,"3":0,"4":0,"5":0,"6":1,"7":0,"8":0,"9":0},"b":{"0":[0,1],"1":[1,0],"2":[0,1],"3":[0,0],"4":[0,1]},"_coverageSchema":"1a1c01bbd47fc00a2c39e90264f33305004495a9","hash":"a7f6cefb65f8a65a2fb43c8b558c23a4acb1b964"}
,"/Users/shannonconnolly/Downloads/Repos/project-greenfield/src/components/ratings-and-reviews/ratingsBreakdown.js": {"path":"/Users/shannonconnolly/Downloads/Repos/project-greenfield/src/components/ratings-and-reviews/ratingsBreakdown.js","statementMap":{"0":{"start":{"line":5,"column":25},"end":{"line":42,"column":1}},"1":{"start":{"line":7,"column":2},"end":{"line":10,"column":21}},"2":{"start":{"line":11,"column":2},"end":{"line":41,"column":4}}},"fnMap":{"0":{"name":"(anonymous_0)","decl":{"start":{"line":5,"column":25},"end":{"line":5,"column":26}},"loc":{"start":{"line":5,"column":36},"end":{"line":42,"column":1}},"line":5}},"branchMap":{"0":{"loc":{"start":{"line":7,"column":2},"end":{"line":10,"column":20}},"type":"cond-expr","locations":[{"start":{"line":9,"column":7},"end":{"line":9,"column":50}},{"start":{"line":10,"column":7},"end":{"line":10,"column":19}}],"line":7},"1":{"loc":{"start":{"line":7,"column":2},"end":{"line":8,"column":51}},"type":"binary-expr","locations":[{"start":{"line":7,"column":2},"end":{"line":7,"column":35}},{"start":{"line":8,"column":2},"end":{"line":8,"column":51}}],"line":7},"2":{"loc":{"start":{"line":13,"column":7},"end":{"line":39,"column":14}},"type":"cond-expr","locations":[{"start":{"line":17,"column":8},"end":{"line":38,"column":11}},{"start":{"line":39,"column":10},"end":{"line":39,"column":14}}],"line":13},"3":{"loc":{"start":{"line":13,"column":7},"end":{"line":16,"column":25}},"type":"binary-expr","locations":[{"start":{"line":13,"column":7},"end":{"line":13,"column":34}},{"start":{"line":14,"column":6},"end":{"line":14,"column":25}},{"start":{"line":15,"column":6},"end":{"line":15,"column":21}},{"start":{"line":16,"column":6},"end":{"line":16,"column":25}}],"line":13}},"s":{"0":1,"1":1,"2":1},"f":{"0":1},"b":{"0":[0,1],"1":[1,0],"2":[0,1],"3":[1,0,0,0]},"_coverageSchema":"1a1c01bbd47fc00a2c39e90264f33305004495a9","hash":"16fac9e616657b3e1573258017e38e6b10cef0d8"}
,"/Users/shannonconnolly/Downloads/Repos/project-greenfield/src/components/ratings-and-reviews/reviewTile.js": {"path":"/Users/shannonconnolly/Downloads/Repos/project-greenfield/src/components/ratings-and-reviews/reviewTile.js","statementMap":{"0":{"start":{"line":9,"column":4},"end":{"line":9,"column":17}},"1":{"start":{"line":10,"column":4},"end":{"line":13,"column":6}},"2":{"start":{"line":14,"column":4},"end":{"line":14,"column":51}},"3":{"start":{"line":15,"column":4},"end":{"line":15,"column":57}},"4":{"start":{"line":19,"column":15},"end":{"line":19,"column":33}},"5":{"start":{"line":20,"column":4},"end":{"line":22,"column":7}},"6":{"start":{"line":26,"column":15},"end":{"line":26,"column":38}},"7":{"start":{"line":27,"column":4},"end":{"line":29,"column":7}},"8":{"start":{"line":33,"column":15},"end":{"line":35,"column":12}},"9":{"start":{"line":36,"column":4},"end":{"line":107,"column":6}},"10":{"start":{"line":72,"column":16},"end":{"line":80,"column":18}},"11":{"start":{"line":78,"column":36},"end":{"line":78,"column":58}},"12":{"start":{"line":86,"column":29},"end":{"line":86,"column":51}}},"fnMap":{"0":{"name":"(anonymous_0)","decl":{"start":{"line":8,"column":2},"end":{"line":8,"column":3}},"loc":{"start":{"line":8,"column":21},"end":{"line":16,"column":3}},"line":8},"1":{"name":"(anonymous_1)","decl":{"start":{"line":18,"column":2},"end":{"line":18,"column":3}},"loc":{"start":{"line":18,"column":16},"end":{"line":23,"column":3}},"line":18},"2":{"name":"(anonymous_2)","decl":{"start":{"line":25,"column":2},"end":{"line":25,"column":3}},"loc":{"start":{"line":25,"column":20},"end":{"line":30,"column":3}},"line":25},"3":{"name":"(anonymous_3)","decl":{"start":{"line":32,"column":2},"end":{"line":32,"column":3}},"loc":{"start":{"line":32,"column":11},"end":{"line":108,"column":3}},"line":32},"4":{"name":"(anonymous_4)","decl":{"start":{"line":71,"column":44},"end":{"line":71,"column":45}},"loc":{"start":{"line":71,"column":55},"end":{"line":81,"column":15}},"line":71},"5":{"name":"(anonymous_5)","decl":{"start":{"line":78,"column":29},"end":{"line":78,"column":30}},"loc":{"start":{"line":78,"column":36},"end":{"line":78,"column":58}},"line":78},"6":{"name":"(anonymous_6)","decl":{"start":{"line":86,"column":22},"end":{"line":86,"column":23}},"loc":{"start":{"line":86,"column":29},"end":{"line":86,"column":51}},"line":86}},"branchMap":{"0":{"loc":{"start":{"line":33,"column":15},"end":{"line":35,"column":12}},"type":"cond-expr","locations":[{"start":{"line":34,"column":8},"end":{"line":34,"column":61}},{"start":{"line":35,"column":8},"end":{"line":35,"column":12}}],"line":33},"1":{"loc":{"start":{"line":38,"column":9},"end":{"line":105,"column":16}},"type":"cond-expr","locations":[{"start":{"line":39,"column":10},"end":{"line":104,"column":13}},{"start":{"line":105,"column":12},"end":{"line":105,"column":16}}],"line":38},"2":{"loc":{"start":{"line":44,"column":17},"end":{"line":46,"column":58}},"type":"cond-expr","locations":[{"start":{"line":45,"column":20},"end":{"line":45,"column":45}},{"start":{"line":46,"column":20},"end":{"line":46,"column":58}}],"line":44},"3":{"loc":{"start":{"line":50,"column":15},"end":{"line":68,"column":15}},"type":"cond-expr","locations":[{"start":{"line":51,"column":16},"end":{"line":65,"column":17}},{"start":{"line":67,"column":16},"end":{"line":67,"column":38}}],"line":50},"4":{"loc":{"start":{"line":51,"column":16},"end":{"line":65,"column":17}},"type":"cond-expr","locations":[{"start":{"line":52,"column":18},"end":{"line":57,"column":21}},{"start":{"line":59,"column":18},"end":{"line":64,"column":21}}],"line":51},"5":{"loc":{"start":{"line":92,"column":15},"end":{"line":96,"column":22}},"type":"cond-expr","locations":[{"start":{"line":93,"column":16},"end":{"line":95,"column":19}},{"start":{"line":96,"column":18},"end":{"line":96,"column":22}}],"line":92},"6":{"loc":{"start":{"line":98,"column":13},"end":{"line":102,"column":13}},"type":"cond-expr","locations":[{"start":{"line":98,"column":51},"end":{"line":98,"column":55}},{"start":{"line":99,"column":14},"end":{"line":101,"column":18}}],"line":98}},"s":{"0":1,"1":1,"2":1,"3":1,"4":0,"5":0,"6":0,"7":0,"8":1,"9":1,"10":0,"11":0,"12":0},"f":{"0":1,"1":0,"2":0,"3":1,"4":0,"5":0,"6":0},"b":{"0":[0,1],"1":[0,1],"2":[0,0],"3":[0,0],"4":[0,0],"5":[0,0],"6":[0,0]},"_coverageSchema":"1a1c01bbd47fc00a2c39e90264f33305004495a9","hash":"d87482d2911c60432161c06662aeb1257817e1ff"}
,"/Users/shannonconnolly/Downloads/Repos/project-greenfield/src/components/ratings-and-reviews/sortBy.js": {"path":"/Users/shannonconnolly/Downloads/Repos/project-greenfield/src/components/ratings-and-reviews/sortBy.js","statementMap":{"0":{"start":{"line":5,"column":4},"end":{"line":5,"column":17}},"1":{"start":{"line":6,"column":4},"end":{"line":8,"column":6}},"2":{"start":{"line":9,"column":4},"end":{"line":9,"column":53}},"3":{"start":{"line":13,"column":4},"end":{"line":23,"column":6}},"4":{"start":{"line":18,"column":8},"end":{"line":21,"column":10}},"5":{"start":{"line":27,"column":4},"end":{"line":41,"column":6}},"6":{"start":{"line":32,"column":27},"end":{"line":32,"column":47}}},"fnMap":{"0":{"name":"(anonymous_0)","decl":{"start":{"line":4,"column":2},"end":{"line":4,"column":3}},"loc":{"start":{"line":4,"column":21},"end":{"line":10,"column":3}},"line":4},"1":{"name":"(anonymous_1)","decl":{"start":{"line":12,"column":2},"end":{"line":12,"column":3}},"loc":{"start":{"line":12,"column":18},"end":{"line":24,"column":3}},"line":12},"2":{"name":"(anonymous_2)","decl":{"start":{"line":17,"column":6},"end":{"line":17,"column":7}},"loc":{"start":{"line":17,"column":12},"end":{"line":22,"column":7}},"line":17},"3":{"name":"(anonymous_3)","decl":{"start":{"line":26,"column":2},"end":{"line":26,"column":3}},"loc":{"start":{"line":26,"column":11},"end":{"line":42,"column":3}},"line":26},"4":{"name":"(anonymous_4)","decl":{"start":{"line":32,"column":20},"end":{"line":32,"column":21}},"loc":{"start":{"line":32,"column":27},"end":{"line":32,"column":47}},"line":32}},"branchMap":{},"s":{"0":1,"1":1,"2":1,"3":0,"4":0,"5":1,"6":0},"f":{"0":1,"1":0,"2":0,"3":1,"4":0},"b":{},"_coverageSchema":"1a1c01bbd47fc00a2c39e90264f33305004495a9","hash":"ddb8638dba37cc3ed7ac8c03f6e4655e1489e291"}
,"/Users/shannonconnolly/Downloads/Repos/project-greenfield/src/components/ratings-and-reviews/stars.js": {"path":"/Users/shannonconnolly/Downloads/Repos/project-greenfield/src/components/ratings-and-reviews/stars.js","statementMap":{"0":{"start":{"line":4,"column":14},"end":{"line":29,"column":1}},"1":{"start":{"line":5,"column":4},"end":{"line":28,"column":5}},"2":{"start":{"line":6,"column":6},"end":{"line":16,"column":8}},"3":{"start":{"line":12,"column":31},"end":{"line":12,"column":52}},"4":{"start":{"line":18,"column":6},"end":{"line":27,"column":8}}},"fnMap":{"0":{"name":"(anonymous_0)","decl":{"start":{"line":4,"column":14},"end":{"line":4,"column":15}},"loc":{"start":{"line":4,"column":23},"end":{"line":29,"column":1}},"line":4},"1":{"name":"(anonymous_1)","decl":{"start":{"line":12,"column":24},"end":{"line":12,"column":25}},"loc":{"start":{"line":12,"column":31},"end":{"line":12,"column":52}},"line":12}},"branchMap":{"0":{"loc":{"start":{"line":5,"column":4},"end":{"line":28,"column":5}},"type":"if","locations":[{"start":{"line":5,"column":4},"end":{"line":28,"column":5}},{"start":{"line":5,"column":4},"end":{"line":28,"column":5}}],"line":5}},"s":{"0":6,"1":2,"2":0,"3":0,"4":2},"f":{"0":2,"1":0},"b":{"0":[0,2]},"_coverageSchema":"1a1c01bbd47fc00a2c39e90264f33305004495a9","hash":"d9994d27fc905c48509e341c7ccc9d498f0835ba"}
,"/Users/shannonconnolly/Downloads/Repos/project-greenfield/src/components/ratings-and-reviews/uploadPhotos.js": {"path":"/Users/shannonconnolly/Downloads/Repos/project-greenfield/src/components/ratings-and-reviews/uploadPhotos.js","statementMap":{"0":{"start":{"line":9,"column":4},"end":{"line":9,"column":17}},"1":{"start":{"line":10,"column":4},"end":{"line":12,"column":6}},"2":{"start":{"line":17,"column":4},"end":{"line":41,"column":6}},"3":{"start":{"line":36,"column":67},"end":{"line":36,"column":94}}},"fnMap":{"0":{"name":"(anonymous_0)","decl":{"start":{"line":8,"column":2},"end":{"line":8,"column":3}},"loc":{"start":{"line":8,"column":21},"end":{"line":14,"column":3}},"line":8},"1":{"name":"(anonymous_1)","decl":{"start":{"line":16,"column":2},"end":{"line":16,"column":3}},"loc":{"start":{"line":16,"column":11},"end":{"line":42,"column":3}},"line":16},"2":{"name":"(anonymous_2)","decl":{"start":{"line":36,"column":60},"end":{"line":36,"column":61}},"loc":{"start":{"line":36,"column":67},"end":{"line":36,"column":94}},"line":36}},"branchMap":{},"s":{"0":1,"1":1,"2":1,"3":0},"f":{"0":1,"1":1,"2":0},"b":{},"_coverageSchema":"1a1c01bbd47fc00a2c39e90264f33305004495a9","hash":"0ab9a928358a6fcc80929d584a27efbc479a40f4"}
,"/Users/shannonconnolly/Downloads/Repos/project-greenfield/src/components/related-items-creation/cardActionButton.js": {"path":"/Users/shannonconnolly/Downloads/Repos/project-greenfield/src/components/related-items-creation/cardActionButton.js","statementMap":{"0":{"start":{"line":6,"column":2},"end":{"line":10,"column":4}},"1":{"start":{"line":14,"column":2},"end":{"line":14,"column":26}}},"fnMap":{"0":{"name":"CardActionButton","decl":{"start":{"line":5,"column":9},"end":{"line":5,"column":25}},"loc":{"start":{"line":5,"column":33},"end":{"line":11,"column":1}},"line":5},"1":{"name":"handleClick","decl":{"start":{"line":13,"column":9},"end":{"line":13,"column":20}},"loc":{"start":{"line":13,"column":24},"end":{"line":15,"column":1}},"line":13}},"branchMap":{},"s":{"0":0,"1":0},"f":{"0":0,"1":0},"b":{},"_coverageSchema":"1a1c01bbd47fc00a2c39e90264f33305004495a9","hash":"d9aa2063e0998dd9308f754c71cd9defd7efd5ad"}
,"/Users/shannonconnolly/Downloads/Repos/project-greenfield/src/components/related-items-creation/productCard.js": {"path":"/Users/shannonconnolly/Downloads/Repos/project-greenfield/src/components/related-items-creation/productCard.js","statementMap":{"0":{"start":{"line":13,"column":4},"end":{"line":13,"column":17}},"1":{"start":{"line":14,"column":4},"end":{"line":22,"column":6}},"2":{"start":{"line":24,"column":4},"end":{"line":24,"column":57}},"3":{"start":{"line":25,"column":4},"end":{"line":25,"column":55}},"4":{"start":{"line":26,"column":4},"end":{"line":26,"column":55}},"5":{"start":{"line":30,"column":4},"end":{"line":34,"column":5}},"6":{"start":{"line":31,"column":6},"end":{"line":31,"column":27}},"7":{"start":{"line":32,"column":6},"end":{"line":32,"column":27}},"8":{"start":{"line":33,"column":6},"end":{"line":33,"column":28}},"9":{"start":{"line":38,"column":19},"end":{"line":38,"column":21}},"10":{"start":{"line":39,"column":4},"end":{"line":49,"column":5}},"11":{"start":{"line":39,"column":17},"end":{"line":39,"column":18}},"12":{"start":{"line":40,"column":6},"end":{"line":47,"column":8}},"13":{"start":{"line":43,"column":25},"end":{"line":43,"column":33}},"14":{"start":{"line":45,"column":12},"end":{"line":45,"column":29}},"15":{"start":{"line":50,"column":4},"end":{"line":53,"column":7}},"16":{"start":{"line":52,"column":6},"end":{"line":52,"column":67}},"17":{"start":{"line":57,"column":19},"end":{"line":57,"column":21}},"18":{"start":{"line":58,"column":4},"end":{"line":71,"column":5}},"19":{"start":{"line":58,"column":17},"end":{"line":58,"column":18}},"20":{"start":{"line":59,"column":6},"end":{"line":70,"column":8}},"21":{"start":{"line":64,"column":14},"end":{"line":65,"column":150}},"22":{"start":{"line":68,"column":12},"end":{"line":68,"column":29}},"23":{"start":{"line":72,"column":4},"end":{"line":78,"column":7}},"24":{"start":{"line":74,"column":6},"end":{"line":77,"column":9}},"25":{"start":{"line":82,"column":19},"end":{"line":82,"column":21}},"26":{"start":{"line":83,"column":4},"end":{"line":95,"column":5}},"27":{"start":{"line":83,"column":17},"end":{"line":83,"column":18}},"28":{"start":{"line":84,"column":6},"end":{"line":94,"column":8}},"29":{"start":{"line":87,"column":26},"end":{"line":90,"column":11}},"30":{"start":{"line":92,"column":12},"end":{"line":92,"column":29}},"31":{"start":{"line":96,"column":4},"end":{"line":102,"column":7}},"32":{"start":{"line":98,"column":6},"end":{"line":101,"column":9}},"33":{"start":{"line":106,"column":29},"end":{"line":106,"column":57}},"34":{"start":{"line":107,"column":28},"end":{"line":107,"column":55}},"35":{"start":{"line":108,"column":28},"end":{"line":108,"column":55}},"36":{"start":{"line":109,"column":4},"end":{"line":198,"column":5}},"37":{"start":{"line":110,"column":6},"end":{"line":195,"column":8}},"38":{"start":{"line":126,"column":14},"end":{"line":126,"column":55}},"39":{"start":{"line":132,"column":14},"end":{"line":191,"column":16}},"40":{"start":{"line":197,"column":6},"end":{"line":197,"column":18}}},"fnMap":{"0":{"name":"(anonymous_0)","decl":{"start":{"line":12,"column":2},"end":{"line":12,"column":3}},"loc":{"start":{"line":12,"column":21},"end":{"line":27,"column":3}},"line":12},"1":{"name":"(anonymous_1)","decl":{"start":{"line":29,"column":2},"end":{"line":29,"column":3}},"loc":{"start":{"line":29,"column":32},"end":{"line":35,"column":3}},"line":29},"2":{"name":"(anonymous_2)","decl":{"start":{"line":37,"column":2},"end":{"line":37,"column":3}},"loc":{"start":{"line":37,"column":19},"end":{"line":54,"column":3}},"line":37},"3":{"name":"(anonymous_3)","decl":{"start":{"line":43,"column":16},"end":{"line":43,"column":17}},"loc":{"start":{"line":43,"column":25},"end":{"line":43,"column":33}},"line":43},"4":{"name":"(anonymous_4)","decl":{"start":{"line":44,"column":17},"end":{"line":44,"column":18}},"loc":{"start":{"line":44,"column":26},"end":{"line":46,"column":11}},"line":44},"5":{"name":"(anonymous_5)","decl":{"start":{"line":50,"column":31},"end":{"line":50,"column":32}},"loc":{"start":{"line":50,"column":40},"end":{"line":53,"column":5}},"line":50},"6":{"name":"(anonymous_6)","decl":{"start":{"line":56,"column":2},"end":{"line":56,"column":3}},"loc":{"start":{"line":56,"column":18},"end":{"line":79,"column":3}},"line":56},"7":{"name":"(anonymous_7)","decl":{"start":{"line":63,"column":12},"end":{"line":63,"column":13}},"loc":{"start":{"line":64,"column":14},"end":{"line":65,"column":150}},"line":64},"8":{"name":"(anonymous_8)","decl":{"start":{"line":67,"column":17},"end":{"line":67,"column":18}},"loc":{"start":{"line":67,"column":26},"end":{"line":69,"column":11}},"line":67},"9":{"name":"(anonymous_9)","decl":{"start":{"line":72,"column":31},"end":{"line":72,"column":32}},"loc":{"start":{"line":72,"column":40},"end":{"line":78,"column":5}},"line":72},"10":{"name":"(anonymous_10)","decl":{"start":{"line":81,"column":2},"end":{"line":81,"column":3}},"loc":{"start":{"line":81,"column":18},"end":{"line":103,"column":3}},"line":81},"11":{"name":"(anonymous_11)","decl":{"start":{"line":87,"column":16},"end":{"line":87,"column":17}},"loc":{"start":{"line":87,"column":26},"end":{"line":90,"column":11}},"line":87},"12":{"name":"(anonymous_12)","decl":{"start":{"line":91,"column":17},"end":{"line":91,"column":18}},"loc":{"start":{"line":91,"column":26},"end":{"line":93,"column":11}},"line":91},"13":{"name":"(anonymous_13)","decl":{"start":{"line":96,"column":31},"end":{"line":96,"column":32}},"loc":{"start":{"line":96,"column":40},"end":{"line":102,"column":5}},"line":96},"14":{"name":"(anonymous_14)","decl":{"start":{"line":105,"column":2},"end":{"line":105,"column":3}},"loc":{"start":{"line":105,"column":11},"end":{"line":199,"column":3}},"line":105},"15":{"name":"(anonymous_15)","decl":{"start":{"line":125,"column":35},"end":{"line":125,"column":36}},"loc":{"start":{"line":126,"column":14},"end":{"line":126,"column":55}},"line":126},"16":{"name":"(anonymous_16)","decl":{"start":{"line":131,"column":40},"end":{"line":131,"column":41}},"loc":{"start":{"line":131,"column":53},"end":{"line":192,"column":13}},"line":131}},"branchMap":{"0":{"loc":{"start":{"line":30,"column":4},"end":{"line":34,"column":5}},"type":"if","locations":[{"start":{"line":30,"column":4},"end":{"line":34,"column":5}},{"start":{"line":30,"column":4},"end":{"line":34,"column":5}}],"line":30},"1":{"loc":{"start":{"line":64,"column":14},"end":{"line":65,"column":150}},"type":"binary-expr","locations":[{"start":{"line":64,"column":14},"end":{"line":64,"column":57}},{"start":{"line":65,"column":14},"end":{"line":65,"column":150}}],"line":64},"2":{"loc":{"start":{"line":109,"column":4},"end":{"line":198,"column":5}},"type":"if","locations":[{"start":{"line":109,"column":4},"end":{"line":198,"column":5}},{"start":{"line":109,"column":4},"end":{"line":198,"column":5}}],"line":109},"3":{"loc":{"start":{"line":109,"column":8},"end":{"line":109,"column":62}},"type":"binary-expr","locations":[{"start":{"line":109,"column":8},"end":{"line":109,"column":24}},{"start":{"line":109,"column":28},"end":{"line":109,"column":43}},{"start":{"line":109,"column":47},"end":{"line":109,"column":62}}],"line":109},"4":{"loc":{"start":{"line":146,"column":24},"end":{"line":148,"column":30}},"type":"cond-expr","locations":[{"start":{"line":147,"column":28},"end":{"line":147,"column":53}},{"start":{"line":148,"column":28},"end":{"line":148,"column":30}}],"line":146},"5":{"loc":{"start":{"line":153,"column":28},"end":{"line":155,"column":38}},"type":"cond-expr","locations":[{"start":{"line":154,"column":32},"end":{"line":154,"column":46}},{"start":{"line":155,"column":32},"end":{"line":155,"column":38}}],"line":153},"6":{"loc":{"start":{"line":172,"column":26},"end":{"line":174,"column":36}},"type":"cond-expr","locations":[{"start":{"line":173,"column":30},"end":{"line":173,"column":44}},{"start":{"line":174,"column":30},"end":{"line":174,"column":36}}],"line":172}},"s":{"0":1,"1":1,"2":1,"3":1,"4":1,"5":0,"6":0,"7":0,"8":0,"9":0,"10":0,"11":0,"12":0,"13":0,"14":0,"15":0,"16":0,"17":0,"18":0,"19":0,"20":0,"21":0,"22":0,"23":0,"24":0,"25":0,"26":0,"27":0,"28":0,"29":0,"30":0,"31":0,"32":0,"33":1,"34":1,"35":1,"36":1,"37":0,"38":0,"39":0,"40":1},"f":{"0":1,"1":0,"2":0,"3":0,"4":0,"5":0,"6":0,"7":0,"8":0,"9":0,"10":0,"11":0,"12":0,"13":0,"14":1,"15":0,"16":0},"b":{"0":[0,0],"1":[0,0],"2":[0,1],"3":[1,0,0],"4":[0,0],"5":[0,0],"6":[0,0]},"_coverageSchema":"1a1c01bbd47fc00a2c39e90264f33305004495a9","hash":"bcfbceca3af40fe5eb6bae126f95eea7171944af"}
,"/Users/shannonconnolly/Downloads/Repos/project-greenfield/src/components/related-items-creation/relatedItems.js": {"path":"/Users/shannonconnolly/Downloads/Repos/project-greenfield/src/components/related-items-creation/relatedItems.js","statementMap":{"0":{"start":{"line":7,"column":4},"end":{"line":7,"column":17}},"1":{"start":{"line":8,"column":4},"end":{"line":10,"column":6}},"2":{"start":{"line":12,"column":4},"end":{"line":12,"column":55}},"3":{"start":{"line":18,"column":4},"end":{"line":18,"column":25}},"4":{"start":{"line":22,"column":4},"end":{"line":34,"column":9}},"5":{"start":{"line":25,"column":8},"end":{"line":27,"column":11}},"6":{"start":{"line":33,"column":8},"end":{"line":33,"column":51}},"7":{"start":{"line":38,"column":4},"end":{"line":46,"column":6}}},"fnMap":{"0":{"name":"(anonymous_0)","decl":{"start":{"line":6,"column":2},"end":{"line":6,"column":3}},"loc":{"start":{"line":6,"column":21},"end":{"line":13,"column":3}},"line":6},"1":{"name":"(anonymous_1)","decl":{"start":{"line":15,"column":2},"end":{"line":15,"column":3}},"loc":{"start":{"line":15,"column":22},"end":{"line":19,"column":3}},"line":15},"2":{"name":"(anonymous_2)","decl":{"start":{"line":21,"column":2},"end":{"line":21,"column":3}},"loc":{"start":{"line":21,"column":18},"end":{"line":35,"column":3}},"line":21},"3":{"name":"(anonymous_3)","decl":{"start":{"line":24,"column":12},"end":{"line":24,"column":13}},"loc":{"start":{"line":24,"column":21},"end":{"line":28,"column":7}},"line":24},"4":{"name":"(anonymous_4)","decl":{"start":{"line":32,"column":13},"end":{"line":32,"column":14}},"loc":{"start":{"line":32,"column":22},"end":{"line":34,"column":7}},"line":32},"5":{"name":"(anonymous_5)","decl":{"start":{"line":37,"column":2},"end":{"line":37,"column":3}},"loc":{"start":{"line":37,"column":11},"end":{"line":47,"column":3}},"line":37}},"branchMap":{},"s":{"0":1,"1":1,"2":1,"3":1,"4":1,"5":0,"6":0,"7":1},"f":{"0":1,"1":1,"2":1,"3":0,"4":0,"5":1},"b":{},"_coverageSchema":"1a1c01bbd47fc00a2c39e90264f33305004495a9","hash":"f1758474ce4fd6c1ca9c8f803bb4fa27d8397017"}
,"/Users/shannonconnolly/Downloads/Repos/project-greenfield/src/components/related-items-creation/stars.js": {"path":"/Users/shannonconnolly/Downloads/Repos/project-greenfield/src/components/related-items-creation/stars.js","statementMap":{"0":{"start":{"line":6,"column":4},"end":{"line":6,"column":17}},"1":{"start":{"line":7,"column":4},"end":{"line":7,"column":20}},"2":{"start":{"line":11,"column":4},"end":{"line":15,"column":6}}},"fnMap":{"0":{"name":"(anonymous_0)","decl":{"start":{"line":5,"column":2},"end":{"line":5,"column":3}},"loc":{"start":{"line":5,"column":21},"end":{"line":8,"column":3}},"line":5},"1":{"name":"(anonymous_1)","decl":{"start":{"line":10,"column":2},"end":{"line":10,"column":3}},"loc":{"start":{"line":10,"column":11},"end":{"line":16,"column":3}},"line":10}},"branchMap":{},"s":{"0":0,"1":0,"2":0},"f":{"0":0,"1":0},"b":{},"_coverageSchema":"1a1c01bbd47fc00a2c39e90264f33305004495a9","hash":"96e421163e318ed3483b626285927981b1b30139"}
}
